{
  "stats": {
    "suites": 1,
    "tests": 1,
    "passes": 1,
    "pending": 0,
    "failures": 0,
    "start": "2021-09-05T00:59:50.480Z",
    "end": "2021-09-05T00:59:51.670Z",
    "duration": 1190,
    "testsRegistered": 1,
    "passPercent": 100,
    "pendingPercent": 0,
    "other": 0,
    "hasOther": false,
    "skipped": 0,
    "hasSkipped": false
  },
  "results": [
    {
      "uuid": "714731f7-adb0-4270-8604-576316604310",
      "title": "",
      "fullFile": "cypress/integration/navigation/aboutRedirection.spec.js",
      "file": "cypress/integration/navigation/aboutRedirection.spec.js",
      "beforeHooks": [],
      "afterHooks": [],
      "tests": [],
      "suites": [
        {
          "uuid": "f5b3ec14-9559-40f6-9937-454402441d68",
          "title": "about top menu functionality",
          "fullFile": "",
          "file": "",
          "beforeHooks": [],
          "afterHooks": [],
          "tests": [
            {
              "title": "about redirection test",
              "fullTitle": "about top menu functionality about redirection test",
              "timedOut": null,
              "duration": 1164,
              "state": "passed",
              "speed": "slow",
              "pass": true,
              "fail": false,
              "pending": false,
              "context": null,
              "code": "const sauceLabsUrl = _navigation.default.sauceLabsUrl;\ntopMenuPage.openMenuBurger();\ntopMenuPage.verifyAboutRedirection(sauceLabsUrl);",
              "err": {},
              "uuid": "192403b7-1d32-4b19-892b-d3f894f0c080",
              "parentUUID": "f5b3ec14-9559-40f6-9937-454402441d68",
              "isHook": false,
              "skipped": false
            }
          ],
          "suites": [],
          "passes": [
            "192403b7-1d32-4b19-892b-d3f894f0c080"
          ],
          "failures": [],
          "pending": [],
          "skipped": [],
          "duration": 1164,
          "root": false,
          "rootEmpty": false,
          "_timeout": 2000
        }
      ],
      "passes": [],
      "failures": [],
      "pending": [],
      "skipped": [],
      "duration": 0,
      "root": true,
      "rootEmpty": true,
      "_timeout": 2000
    }
  ],
  "meta": {
    "mocha": {
      "version": "7.0.1"
    },
    "mochawesome": {
      "options": {
        "quiet": false,
        "reportFilename": "mochawesome",
        "saveHtml": false,
        "saveJson": true,
        "consoleReporter": "spec",
        "useInlineDiffs": false,
        "code": true
      },
      "version": "6.2.2"
    },
    "marge": {
      "options": {
        "id": "default",
        "reportDir": "cypress/reports/mocha",
        "quite": true,
        "overwrite": false,
        "html": false,
        "json": true
      },
      "version": "5.2.0"
    }
  }
}