{
  "stats": {
    "suites": 1,
    "tests": 3,
    "passes": 3,
    "pending": 0,
    "failures": 0,
    "start": "2021-09-05T00:59:26.681Z",
    "end": "2021-09-05T00:59:29.006Z",
    "duration": 2325,
    "testsRegistered": 3,
    "passPercent": 100,
    "pendingPercent": 0,
    "other": 0,
    "hasOther": false,
    "skipped": 0,
    "hasSkipped": false
  },
  "results": [
    {
      "uuid": "2e5aacec-728a-4483-a07d-3b0db3e7580f",
      "title": "",
      "fullFile": "cypress/integration/credentials/invalidCredentials.spec.js",
      "file": "cypress/integration/credentials/invalidCredentials.spec.js",
      "beforeHooks": [],
      "afterHooks": [],
      "tests": [],
      "suites": [
        {
          "uuid": "b30629b4-d535-4f71-95fc-dbea3b7522d4",
          "title": "invalid credentials",
          "fullFile": "",
          "file": "",
          "beforeHooks": [],
          "afterHooks": [],
          "tests": [
            {
              "title": "Non existing password test",
              "fullTitle": "invalid credentials Non existing password test",
              "timedOut": null,
              "duration": 1351,
              "state": "passed",
              "speed": "slow",
              "pass": true,
              "fail": false,
              "pending": false,
              "context": null,
              "code": "const data = _invalidCredentials.default.nonExistingUser;\nmainPage.login(data.username, data.password);\nmainPage.verifyErrorIsDisplayed(data.errorMessage);",
              "err": {},
              "uuid": "8c3cf706-87d4-44ca-8b14-a7e7fa338b05",
              "parentUUID": "b30629b4-d535-4f71-95fc-dbea3b7522d4",
              "isHook": false,
              "skipped": false
            },
            {
              "title": "Empty username test",
              "fullTitle": "invalid credentials Empty username test",
              "timedOut": null,
              "duration": 474,
              "state": "passed",
              "speed": "slow",
              "pass": true,
              "fail": false,
              "pending": false,
              "context": null,
              "code": "const data = _invalidCredentials.default.missingUsername;\nmainPage.fillPassword(data.password);\nmainPage.clickOnLogin();\nmainPage.verifyErrorIsDisplayed(data.errorMessage);",
              "err": {},
              "uuid": "0de5b7f8-a2e2-42ab-b188-77bb5cbd7793",
              "parentUUID": "b30629b4-d535-4f71-95fc-dbea3b7522d4",
              "isHook": false,
              "skipped": false
            },
            {
              "title": "Empty password test",
              "fullTitle": "invalid credentials Empty password test",
              "timedOut": null,
              "duration": 473,
              "state": "passed",
              "speed": "slow",
              "pass": true,
              "fail": false,
              "pending": false,
              "context": null,
              "code": "const data = _invalidCredentials.default.missingPassword;\nmainPage.fillUsername(data.username);\nmainPage.clickOnLogin();\nmainPage.verifyErrorIsDisplayed(data.errorMessage);",
              "err": {},
              "uuid": "31887c95-6b70-43c4-a60c-6593cbaed1f9",
              "parentUUID": "b30629b4-d535-4f71-95fc-dbea3b7522d4",
              "isHook": false,
              "skipped": false
            }
          ],
          "suites": [],
          "passes": [
            "8c3cf706-87d4-44ca-8b14-a7e7fa338b05",
            "0de5b7f8-a2e2-42ab-b188-77bb5cbd7793",
            "31887c95-6b70-43c4-a60c-6593cbaed1f9"
          ],
          "failures": [],
          "pending": [],
          "skipped": [],
          "duration": 2298,
          "root": false,
          "rootEmpty": false,
          "_timeout": 2000
        }
      ],
      "passes": [],
      "failures": [],
      "pending": [],
      "skipped": [],
      "duration": 0,
      "root": true,
      "rootEmpty": true,
      "_timeout": 2000
    }
  ],
  "meta": {
    "mocha": {
      "version": "7.0.1"
    },
    "mochawesome": {
      "options": {
        "quiet": false,
        "reportFilename": "mochawesome",
        "saveHtml": false,
        "saveJson": true,
        "consoleReporter": "spec",
        "useInlineDiffs": false,
        "code": true
      },
      "version": "6.2.2"
    },
    "marge": {
      "options": {
        "id": "default",
        "reportDir": "cypress/reports/mocha",
        "quite": true,
        "overwrite": false,
        "html": false,
        "json": true
      },
      "version": "5.2.0"
    }
  }
}