{
  "stats": {
    "suites": 1,
    "tests": 1,
    "passes": 1,
    "pending": 0,
    "failures": 0,
    "start": "2021-09-05T00:59:34.217Z",
    "end": "2021-09-05T00:59:35.155Z",
    "duration": 938,
    "testsRegistered": 1,
    "passPercent": 100,
    "pendingPercent": 0,
    "other": 0,
    "hasOther": false,
    "skipped": 0,
    "hasSkipped": false
  },
  "results": [
    {
      "uuid": "7265ff40-bcdd-4f42-bd29-04045473ac37",
      "title": "",
      "fullFile": "cypress/integration/credentials/lockedOutCredentials.spec.js",
      "file": "cypress/integration/credentials/lockedOutCredentials.spec.js",
      "beforeHooks": [],
      "afterHooks": [],
      "tests": [],
      "suites": [
        {
          "uuid": "f169b7a3-a854-4b9c-abfd-5e94ff579379",
          "title": "locked out credentials",
          "fullFile": "",
          "file": "",
          "beforeHooks": [],
          "afterHooks": [],
          "tests": [
            {
              "title": "locked out credentials test",
              "fullTitle": "locked out credentials locked out credentials test",
              "timedOut": null,
              "duration": 917,
              "state": "passed",
              "speed": "slow",
              "pass": true,
              "fail": false,
              "pending": false,
              "context": null,
              "code": "const data = _invalidCredentials.default.lockedOut;\nmainPage.login(data.username, data.password);\nmainPage.verifyErrorIsDisplayed(data.errorMessage);",
              "err": {},
              "uuid": "97c9500c-e95c-4164-a381-2bef13a2e5ed",
              "parentUUID": "f169b7a3-a854-4b9c-abfd-5e94ff579379",
              "isHook": false,
              "skipped": false
            }
          ],
          "suites": [],
          "passes": [
            "97c9500c-e95c-4164-a381-2bef13a2e5ed"
          ],
          "failures": [],
          "pending": [],
          "skipped": [],
          "duration": 917,
          "root": false,
          "rootEmpty": false,
          "_timeout": 2000
        }
      ],
      "passes": [],
      "failures": [],
      "pending": [],
      "skipped": [],
      "duration": 0,
      "root": true,
      "rootEmpty": true,
      "_timeout": 2000
    }
  ],
  "meta": {
    "mocha": {
      "version": "7.0.1"
    },
    "mochawesome": {
      "options": {
        "quiet": false,
        "reportFilename": "mochawesome",
        "saveHtml": false,
        "saveJson": true,
        "consoleReporter": "spec",
        "useInlineDiffs": false,
        "code": true
      },
      "version": "6.2.2"
    },
    "marge": {
      "options": {
        "id": "default",
        "reportDir": "cypress/reports/mocha",
        "quite": true,
        "overwrite": false,
        "html": false,
        "json": true
      },
      "version": "5.2.0"
    }
  }
}