{
  "stats": {
    "suites": 1,
    "tests": 1,
    "passes": 1,
    "pending": 0,
    "failures": 0,
    "start": "2021-09-05T01:00:07.609Z",
    "end": "2021-09-05T01:00:11.619Z",
    "duration": 4010,
    "testsRegistered": 1,
    "passPercent": 100,
    "pendingPercent": 0,
    "other": 0,
    "hasOther": false,
    "skipped": 0,
    "hasSkipped": false
  },
  "results": [
    {
      "uuid": "cdb3ff39-f163-4961-95c5-8a8d9b0f25bf",
      "title": "",
      "fullFile": "cypress/integration/shopping/shopping.spec.js",
      "file": "cypress/integration/shopping/shopping.spec.js",
      "beforeHooks": [],
      "afterHooks": [],
      "tests": [],
      "suites": [
        {
          "uuid": "9d7f9869-ee55-464b-95cd-e905d9873dd7",
          "title": "e2e shopping",
          "fullFile": "",
          "file": "",
          "beforeHooks": [],
          "afterHooks": [],
          "tests": [
            {
              "title": "e2e shopping test",
              "fullTitle": "e2e shopping e2e shopping test",
              "timedOut": null,
              "duration": 3954,
              "state": "passed",
              "speed": "slow",
              "pass": true,
              "fail": false,
              "pending": false,
              "context": null,
              "code": "_shopping.default.itemList.forEach(({\n  itemName,\n  itemPrice\n}) => {\n  _Shopping.shoppingPage.goToItemDetail(itemName);\n  _ItemDetail.itemDetailPage.addItemToCart(itemName, itemPrice);\n});\n_Shopping.shoppingPage.verifyTotalItem(_shopping.default.itemList.length);\n_Shopping.shoppingPage.goToCheckout();\n_YourCart.youCartPage.continueCheckout();\n_YourInformation.yourInformationPage.fillForm(_userInformation.userInformation.firstname, _userInformation.userInformation.lastname, _userInformation.userInformation.zipcode);\n_Overview.overViewPage.verifyTotalPrice(_shopping.default.totalPrice);\n_Overview.overViewPage.finishCheckout();\n_Success.successPage.verifyPage();\n_Success.successPage.backToProducts();\n_Shopping.shoppingPage.verifyPage();",
              "err": {},
              "uuid": "36e6cf91-7393-4647-aa61-31571106b529",
              "parentUUID": "9d7f9869-ee55-464b-95cd-e905d9873dd7",
              "isHook": false,
              "skipped": false
            }
          ],
          "suites": [],
          "passes": [
            "36e6cf91-7393-4647-aa61-31571106b529"
          ],
          "failures": [],
          "pending": [],
          "skipped": [],
          "duration": 3954,
          "root": false,
          "rootEmpty": false,
          "_timeout": 2000
        }
      ],
      "passes": [],
      "failures": [],
      "pending": [],
      "skipped": [],
      "duration": 0,
      "root": true,
      "rootEmpty": true,
      "_timeout": 2000
    }
  ],
  "meta": {
    "mocha": {
      "version": "7.0.1"
    },
    "mochawesome": {
      "options": {
        "quiet": false,
        "reportFilename": "mochawesome",
        "saveHtml": false,
        "saveJson": true,
        "consoleReporter": "spec",
        "useInlineDiffs": false,
        "code": true
      },
      "version": "6.2.2"
    },
    "marge": {
      "options": {
        "id": "default",
        "reportDir": "cypress/reports/mocha",
        "quite": true,
        "overwrite": false,
        "html": false,
        "json": true
      },
      "version": "5.2.0"
    }
  }
}