{
  "stats": {
    "suites": 1,
    "tests": 1,
    "passes": 0,
    "pending": 0,
    "failures": 1,
    "start": "2021-09-05T00:59:39.535Z",
    "end": "2021-09-05T00:59:44.627Z",
    "duration": 5092,
    "testsRegistered": 1,
    "passPercent": 0,
    "pendingPercent": 0,
    "other": 0,
    "hasOther": false,
    "skipped": 0,
    "hasSkipped": false
  },
  "results": [
    {
      "uuid": "8bad59dc-774d-4af6-aeb7-4212d094c79f",
      "title": "",
      "fullFile": "cypress/integration/dummyfail/dummyFail.spec.js",
      "file": "cypress/integration/dummyfail/dummyFail.spec.js",
      "beforeHooks": [],
      "afterHooks": [],
      "tests": [],
      "suites": [
        {
          "uuid": "6b5b7b5f-149c-45f7-a2ad-f3bf6be22c59",
          "title": "dummy fail",
          "fullFile": "",
          "file": "",
          "beforeHooks": [],
          "afterHooks": [],
          "tests": [
            {
              "title": "test to see the screenshot",
              "fullTitle": "dummy fail test to see the screenshot",
              "timedOut": null,
              "duration": 5048,
              "state": "failed",
              "speed": null,
              "pass": false,
              "fail": true,
              "pending": false,
              "context": "\"assets/dummyfail/dummyFail.spec.js/dummy fail -- test to see the screenshot (failed).png\"",
              "code": "cy.login();\n_Main.mainPage.verifyPage();",
              "err": {
                "message": "AssertionError: Timed out retrying after 4000ms: Expected to find element: `.login_logo`, but never found it.",
                "estack": "AssertionError: Timed out retrying after 4000ms: Expected to find element: `.login_logo`, but never found it.\n    at MainPage.verifyPage (https://www.saucedemo.com/__cypress/tests?p=cypress\\integration\\dummyfail\\dummyFail.spec.js:154:27)\n    at Context.eval (https://www.saucedemo.com/__cypress/tests?p=cypress\\integration\\dummyfail\\dummyFail.spec.js:105:20)",
                "diff": null
              },
              "uuid": "18cf8ad2-6dd5-4c8b-86cf-e005c99bf00f",
              "parentUUID": "6b5b7b5f-149c-45f7-a2ad-f3bf6be22c59",
              "isHook": false,
              "skipped": false
            }
          ],
          "suites": [],
          "passes": [],
          "failures": [
            "18cf8ad2-6dd5-4c8b-86cf-e005c99bf00f"
          ],
          "pending": [],
          "skipped": [],
          "duration": 5048,
          "root": false,
          "rootEmpty": false,
          "_timeout": 2000
        }
      ],
      "passes": [],
      "failures": [],
      "pending": [],
      "skipped": [],
      "duration": 0,
      "root": true,
      "rootEmpty": true,
      "_timeout": 2000
    }
  ],
  "meta": {
    "mocha": {
      "version": "7.0.1"
    },
    "mochawesome": {
      "options": {
        "quiet": false,
        "reportFilename": "mochawesome",
        "saveHtml": false,
        "saveJson": true,
        "consoleReporter": "spec",
        "useInlineDiffs": false,
        "code": true
      },
      "version": "6.2.2"
    },
    "marge": {
      "options": {
        "id": "default",
        "reportDir": "cypress/reports/mocha",
        "quite": true,
        "overwrite": false,
        "html": false,
        "json": true
      },
      "version": "5.2.0"
    }
  }
}