{
  "stats": {
    "suites": 1,
    "tests": 1,
    "passes": 1,
    "pending": 0,
    "failures": 0,
    "start": "2021-09-05T00:59:56.878Z",
    "end": "2021-09-05T00:59:58.508Z",
    "duration": 1630,
    "testsRegistered": 1,
    "passPercent": 100,
    "pendingPercent": 0,
    "other": 0,
    "hasOther": false,
    "skipped": 0,
    "hasSkipped": false
  },
  "results": [
    {
      "uuid": "97284c22-63c4-45f9-b6b5-e25c0bb8fa3e",
      "title": "",
      "fullFile": "cypress/integration/navigation/logout.spec.js",
      "file": "cypress/integration/navigation/logout.spec.js",
      "beforeHooks": [],
      "afterHooks": [],
      "tests": [],
      "suites": [
        {
          "uuid": "17843b04-ad6b-4eae-b133-07bbae7fd1de",
          "title": "logout top menu functionality",
          "fullFile": "",
          "file": "",
          "beforeHooks": [],
          "afterHooks": [],
          "tests": [
            {
              "title": "logout test",
              "fullTitle": "logout top menu functionality logout test",
              "timedOut": null,
              "duration": 1590,
              "state": "passed",
              "speed": "slow",
              "pass": true,
              "fail": false,
              "pending": false,
              "context": null,
              "code": "_TopMenu.topMenuPage.openMenuBurger();\n_TopMenu.topMenuPage.logout();\n_Main.mainPage.verifyPage();",
              "err": {},
              "uuid": "026ef7de-c03e-4ce1-80b0-74a05bf1114e",
              "parentUUID": "17843b04-ad6b-4eae-b133-07bbae7fd1de",
              "isHook": false,
              "skipped": false
            }
          ],
          "suites": [],
          "passes": [
            "026ef7de-c03e-4ce1-80b0-74a05bf1114e"
          ],
          "failures": [],
          "pending": [],
          "skipped": [],
          "duration": 1590,
          "root": false,
          "rootEmpty": false,
          "_timeout": 2000
        }
      ],
      "passes": [],
      "failures": [],
      "pending": [],
      "skipped": [],
      "duration": 0,
      "root": true,
      "rootEmpty": true,
      "_timeout": 2000
    }
  ],
  "meta": {
    "mocha": {
      "version": "7.0.1"
    },
    "mochawesome": {
      "options": {
        "quiet": false,
        "reportFilename": "mochawesome",
        "saveHtml": false,
        "saveJson": true,
        "consoleReporter": "spec",
        "useInlineDiffs": false,
        "code": true
      },
      "version": "6.2.2"
    },
    "marge": {
      "options": {
        "id": "default",
        "reportDir": "cypress/reports/mocha",
        "quite": true,
        "overwrite": false,
        "html": false,
        "json": true
      },
      "version": "5.2.0"
    }
  }
}