{
  "stats": {
    "suites": 1,
    "tests": 4,
    "passes": 4,
    "pending": 0,
    "failures": 0,
    "start": "2021-09-05T01:00:17.914Z",
    "end": "2021-09-05T01:00:21.977Z",
    "duration": 4063,
    "testsRegistered": 4,
    "passPercent": 100,
    "pendingPercent": 0,
    "other": 0,
    "hasOther": false,
    "skipped": 0,
    "hasSkipped": false
  },
  "results": [
    {
      "uuid": "ecdf7720-6689-429f-962c-7dbcb5ba87de",
      "title": "",
      "fullFile": "cypress/integration/shopping/sortingOption.spec.js",
      "file": "cypress/integration/shopping/sortingOption.spec.js",
      "beforeHooks": [],
      "afterHooks": [],
      "tests": [],
      "suites": [
        {
          "uuid": "4cb21574-a6e2-4820-9c67-3be36a675672",
          "title": "select sorting option",
          "fullFile": "",
          "file": "",
          "beforeHooks": [],
          "afterHooks": [],
          "tests": [
            {
              "title": "alphabetic a to z",
              "fullTitle": "select sorting option alphabetic a to z",
              "timedOut": null,
              "duration": 1192,
              "state": "passed",
              "speed": "slow",
              "pass": true,
              "fail": false,
              "pending": false,
              "context": null,
              "code": "const data = _sortValues.default.ascendantAlphabetic;\n_Shopping.shoppingPage.clickSelectOption(data.value);\n_Shopping.shoppingPage.verifyNameSorted(data.firstItemName, data.lastItemName);",
              "err": {},
              "uuid": "38f6de0a-6be4-4a34-8641-33815cbda567",
              "parentUUID": "4cb21574-a6e2-4820-9c67-3be36a675672",
              "isHook": false,
              "skipped": false
            },
            {
              "title": "alphabetic z to a",
              "fullTitle": "select sorting option alphabetic z to a",
              "timedOut": null,
              "duration": 943,
              "state": "passed",
              "speed": "slow",
              "pass": true,
              "fail": false,
              "pending": false,
              "context": null,
              "code": "const data = _sortValues.default.descendantAlphabetic;\n_Shopping.shoppingPage.clickSelectOption(data.value);\n_Shopping.shoppingPage.verifyNameSorted(data.firstItemName, data.lastItemName);",
              "err": {},
              "uuid": "505989b7-864f-456c-9eba-32fb4cc4fee0",
              "parentUUID": "4cb21574-a6e2-4820-9c67-3be36a675672",
              "isHook": false,
              "skipped": false
            },
            {
              "title": "price low to high",
              "fullTitle": "select sorting option price low to high",
              "timedOut": null,
              "duration": 923,
              "state": "passed",
              "speed": "slow",
              "pass": true,
              "fail": false,
              "pending": false,
              "context": null,
              "code": "const data = _sortValues.default.ascendantPrice;\n_Shopping.shoppingPage.clickSelectOption(data.value);\n_Shopping.shoppingPage.verifyPriceSorted(data.firstItemPrice, data.lastItemPrice);",
              "err": {},
              "uuid": "7bdc30be-979a-4a0c-a617-5eb834ff4d2b",
              "parentUUID": "4cb21574-a6e2-4820-9c67-3be36a675672",
              "isHook": false,
              "skipped": false
            },
            {
              "title": "price high to low",
              "fullTitle": "select sorting option price high to low",
              "timedOut": null,
              "duration": 955,
              "state": "passed",
              "speed": "slow",
              "pass": true,
              "fail": false,
              "pending": false,
              "context": null,
              "code": "const data = _sortValues.default.descendantPrice;\n_Shopping.shoppingPage.clickSelectOption(data.value);\n_Shopping.shoppingPage.verifyPriceSorted(data.firstItemPrice, data.lastItemPrice);",
              "err": {},
              "uuid": "27cefc31-c066-47a5-978f-f193c00a6635",
              "parentUUID": "4cb21574-a6e2-4820-9c67-3be36a675672",
              "isHook": false,
              "skipped": false
            }
          ],
          "suites": [],
          "passes": [
            "38f6de0a-6be4-4a34-8641-33815cbda567",
            "505989b7-864f-456c-9eba-32fb4cc4fee0",
            "7bdc30be-979a-4a0c-a617-5eb834ff4d2b",
            "27cefc31-c066-47a5-978f-f193c00a6635"
          ],
          "failures": [],
          "pending": [],
          "skipped": [],
          "duration": 4013,
          "root": false,
          "rootEmpty": false,
          "_timeout": 2000
        }
      ],
      "passes": [],
      "failures": [],
      "pending": [],
      "skipped": [],
      "duration": 0,
      "root": true,
      "rootEmpty": true,
      "_timeout": 2000
    }
  ],
  "meta": {
    "mocha": {
      "version": "7.0.1"
    },
    "mochawesome": {
      "options": {
        "quiet": false,
        "reportFilename": "mochawesome",
        "saveHtml": false,
        "saveJson": true,
        "consoleReporter": "spec",
        "useInlineDiffs": false,
        "code": true
      },
      "version": "6.2.2"
    },
    "marge": {
      "options": {
        "id": "default",
        "reportDir": "cypress/reports/mocha",
        "quite": true,
        "overwrite": false,
        "html": false,
        "json": true
      },
      "version": "5.2.0"
    }
  }
}