{
  "stats": {
    "suites": 7,
    "tests": 12,
    "passes": 11,
    "pending": 0,
    "failures": 1,
    "start": "2021-09-05T00:59:26.681Z",
    "end": "2021-09-05T01:00:21.977Z",
    "duration": 18984,
    "testsRegistered": 12,
    "passPercent": 91.66666666666667,
    "pendingPercent": 0,
    "other": 0,
    "hasOther": false,
    "skipped": 0,
    "hasSkipped": false
  },
  "results": [
    {
      "uuid": "7265ff40-bcdd-4f42-bd29-04045473ac37",
      "title": "",
      "fullFile": "cypress/integration/credentials/lockedOutCredentials.spec.js",
      "file": "cypress/integration/credentials/lockedOutCredentials.spec.js",
      "beforeHooks": [],
      "afterHooks": [],
      "tests": [],
      "suites": [
        {
          "uuid": "f169b7a3-a854-4b9c-abfd-5e94ff579379",
          "title": "locked out credentials",
          "fullFile": "",
          "file": "",
          "beforeHooks": [],
          "afterHooks": [],
          "tests": [
            {
              "title": "locked out credentials test",
              "fullTitle": "locked out credentials locked out credentials test",
              "timedOut": null,
              "duration": 917,
              "state": "passed",
              "speed": "slow",
              "pass": true,
              "fail": false,
              "pending": false,
              "context": null,
              "code": "const data = _invalidCredentials.default.lockedOut;\nmainPage.login(data.username, data.password);\nmainPage.verifyErrorIsDisplayed(data.errorMessage);",
              "err": {},
              "uuid": "97c9500c-e95c-4164-a381-2bef13a2e5ed",
              "parentUUID": "f169b7a3-a854-4b9c-abfd-5e94ff579379",
              "isHook": false,
              "skipped": false
            }
          ],
          "suites": [],
          "passes": [
            "97c9500c-e95c-4164-a381-2bef13a2e5ed"
          ],
          "failures": [],
          "pending": [],
          "skipped": [],
          "duration": 917,
          "root": false,
          "rootEmpty": false,
          "_timeout": 2000
        }
      ],
      "passes": [],
      "failures": [],
      "pending": [],
      "skipped": [],
      "duration": 0,
      "root": true,
      "rootEmpty": true,
      "_timeout": 2000
    },
    {
      "uuid": "8bad59dc-774d-4af6-aeb7-4212d094c79f",
      "title": "",
      "fullFile": "cypress/integration/dummyfail/dummyFail.spec.js",
      "file": "cypress/integration/dummyfail/dummyFail.spec.js",
      "beforeHooks": [],
      "afterHooks": [],
      "tests": [],
      "suites": [
        {
          "uuid": "6b5b7b5f-149c-45f7-a2ad-f3bf6be22c59",
          "title": "dummy fail",
          "fullFile": "",
          "file": "",
          "beforeHooks": [],
          "afterHooks": [],
          "tests": [
            {
              "title": "test to see the screenshot",
              "fullTitle": "dummy fail test to see the screenshot",
              "timedOut": null,
              "duration": 5048,
              "state": "failed",
              "speed": null,
              "pass": false,
              "fail": true,
              "pending": false,
              "context": "\"assets/dummyfail/dummyFail.spec.js/dummy fail -- test to see the screenshot (failed).png\"",
              "code": "cy.login();\n_Main.mainPage.verifyPage();",
              "err": {
                "message": "AssertionError: Timed out retrying after 4000ms: Expected to find element: `.login_logo`, but never found it.",
                "estack": "AssertionError: Timed out retrying after 4000ms: Expected to find element: `.login_logo`, but never found it.\n    at MainPage.verifyPage (https://www.saucedemo.com/__cypress/tests?p=cypress\\integration\\dummyfail\\dummyFail.spec.js:154:27)\n    at Context.eval (https://www.saucedemo.com/__cypress/tests?p=cypress\\integration\\dummyfail\\dummyFail.spec.js:105:20)",
                "diff": null
              },
              "uuid": "18cf8ad2-6dd5-4c8b-86cf-e005c99bf00f",
              "parentUUID": "6b5b7b5f-149c-45f7-a2ad-f3bf6be22c59",
              "isHook": false,
              "skipped": false
            }
          ],
          "suites": [],
          "passes": [],
          "failures": [
            "18cf8ad2-6dd5-4c8b-86cf-e005c99bf00f"
          ],
          "pending": [],
          "skipped": [],
          "duration": 5048,
          "root": false,
          "rootEmpty": false,
          "_timeout": 2000
        }
      ],
      "passes": [],
      "failures": [],
      "pending": [],
      "skipped": [],
      "duration": 0,
      "root": true,
      "rootEmpty": true,
      "_timeout": 2000
    },
    {
      "uuid": "714731f7-adb0-4270-8604-576316604310",
      "title": "",
      "fullFile": "cypress/integration/navigation/aboutRedirection.spec.js",
      "file": "cypress/integration/navigation/aboutRedirection.spec.js",
      "beforeHooks": [],
      "afterHooks": [],
      "tests": [],
      "suites": [
        {
          "uuid": "f5b3ec14-9559-40f6-9937-454402441d68",
          "title": "about top menu functionality",
          "fullFile": "",
          "file": "",
          "beforeHooks": [],
          "afterHooks": [],
          "tests": [
            {
              "title": "about redirection test",
              "fullTitle": "about top menu functionality about redirection test",
              "timedOut": null,
              "duration": 1164,
              "state": "passed",
              "speed": "slow",
              "pass": true,
              "fail": false,
              "pending": false,
              "context": null,
              "code": "const sauceLabsUrl = _navigation.default.sauceLabsUrl;\ntopMenuPage.openMenuBurger();\ntopMenuPage.verifyAboutRedirection(sauceLabsUrl);",
              "err": {},
              "uuid": "192403b7-1d32-4b19-892b-d3f894f0c080",
              "parentUUID": "f5b3ec14-9559-40f6-9937-454402441d68",
              "isHook": false,
              "skipped": false
            }
          ],
          "suites": [],
          "passes": [
            "192403b7-1d32-4b19-892b-d3f894f0c080"
          ],
          "failures": [],
          "pending": [],
          "skipped": [],
          "duration": 1164,
          "root": false,
          "rootEmpty": false,
          "_timeout": 2000
        }
      ],
      "passes": [],
      "failures": [],
      "pending": [],
      "skipped": [],
      "duration": 0,
      "root": true,
      "rootEmpty": true,
      "_timeout": 2000
    },
    {
      "uuid": "97284c22-63c4-45f9-b6b5-e25c0bb8fa3e",
      "title": "",
      "fullFile": "cypress/integration/navigation/logout.spec.js",
      "file": "cypress/integration/navigation/logout.spec.js",
      "beforeHooks": [],
      "afterHooks": [],
      "tests": [],
      "suites": [
        {
          "uuid": "17843b04-ad6b-4eae-b133-07bbae7fd1de",
          "title": "logout top menu functionality",
          "fullFile": "",
          "file": "",
          "beforeHooks": [],
          "afterHooks": [],
          "tests": [
            {
              "title": "logout test",
              "fullTitle": "logout top menu functionality logout test",
              "timedOut": null,
              "duration": 1590,
              "state": "passed",
              "speed": "slow",
              "pass": true,
              "fail": false,
              "pending": false,
              "context": null,
              "code": "_TopMenu.topMenuPage.openMenuBurger();\n_TopMenu.topMenuPage.logout();\n_Main.mainPage.verifyPage();",
              "err": {},
              "uuid": "026ef7de-c03e-4ce1-80b0-74a05bf1114e",
              "parentUUID": "17843b04-ad6b-4eae-b133-07bbae7fd1de",
              "isHook": false,
              "skipped": false
            }
          ],
          "suites": [],
          "passes": [
            "026ef7de-c03e-4ce1-80b0-74a05bf1114e"
          ],
          "failures": [],
          "pending": [],
          "skipped": [],
          "duration": 1590,
          "root": false,
          "rootEmpty": false,
          "_timeout": 2000
        }
      ],
      "passes": [],
      "failures": [],
      "pending": [],
      "skipped": [],
      "duration": 0,
      "root": true,
      "rootEmpty": true,
      "_timeout": 2000
    },
    {
      "uuid": "cdb3ff39-f163-4961-95c5-8a8d9b0f25bf",
      "title": "",
      "fullFile": "cypress/integration/shopping/shopping.spec.js",
      "file": "cypress/integration/shopping/shopping.spec.js",
      "beforeHooks": [],
      "afterHooks": [],
      "tests": [],
      "suites": [
        {
          "uuid": "9d7f9869-ee55-464b-95cd-e905d9873dd7",
          "title": "e2e shopping",
          "fullFile": "",
          "file": "",
          "beforeHooks": [],
          "afterHooks": [],
          "tests": [
            {
              "title": "e2e shopping test",
              "fullTitle": "e2e shopping e2e shopping test",
              "timedOut": null,
              "duration": 3954,
              "state": "passed",
              "speed": "slow",
              "pass": true,
              "fail": false,
              "pending": false,
              "context": null,
              "code": "_shopping.default.itemList.forEach(({\n  itemName,\n  itemPrice\n}) => {\n  _Shopping.shoppingPage.goToItemDetail(itemName);\n  _ItemDetail.itemDetailPage.addItemToCart(itemName, itemPrice);\n});\n_Shopping.shoppingPage.verifyTotalItem(_shopping.default.itemList.length);\n_Shopping.shoppingPage.goToCheckout();\n_YourCart.youCartPage.continueCheckout();\n_YourInformation.yourInformationPage.fillForm(_userInformation.userInformation.firstname, _userInformation.userInformation.lastname, _userInformation.userInformation.zipcode);\n_Overview.overViewPage.verifyTotalPrice(_shopping.default.totalPrice);\n_Overview.overViewPage.finishCheckout();\n_Success.successPage.verifyPage();\n_Success.successPage.backToProducts();\n_Shopping.shoppingPage.verifyPage();",
              "err": {},
              "uuid": "36e6cf91-7393-4647-aa61-31571106b529",
              "parentUUID": "9d7f9869-ee55-464b-95cd-e905d9873dd7",
              "isHook": false,
              "skipped": false
            }
          ],
          "suites": [],
          "passes": [
            "36e6cf91-7393-4647-aa61-31571106b529"
          ],
          "failures": [],
          "pending": [],
          "skipped": [],
          "duration": 3954,
          "root": false,
          "rootEmpty": false,
          "_timeout": 2000
        }
      ],
      "passes": [],
      "failures": [],
      "pending": [],
      "skipped": [],
      "duration": 0,
      "root": true,
      "rootEmpty": true,
      "_timeout": 2000
    },
    {
      "uuid": "ecdf7720-6689-429f-962c-7dbcb5ba87de",
      "title": "",
      "fullFile": "cypress/integration/shopping/sortingOption.spec.js",
      "file": "cypress/integration/shopping/sortingOption.spec.js",
      "beforeHooks": [],
      "afterHooks": [],
      "tests": [],
      "suites": [
        {
          "uuid": "4cb21574-a6e2-4820-9c67-3be36a675672",
          "title": "select sorting option",
          "fullFile": "",
          "file": "",
          "beforeHooks": [],
          "afterHooks": [],
          "tests": [
            {
              "title": "alphabetic a to z",
              "fullTitle": "select sorting option alphabetic a to z",
              "timedOut": null,
              "duration": 1192,
              "state": "passed",
              "speed": "slow",
              "pass": true,
              "fail": false,
              "pending": false,
              "context": null,
              "code": "const data = _sortValues.default.ascendantAlphabetic;\n_Shopping.shoppingPage.clickSelectOption(data.value);\n_Shopping.shoppingPage.verifyNameSorted(data.firstItemName, data.lastItemName);",
              "err": {},
              "uuid": "38f6de0a-6be4-4a34-8641-33815cbda567",
              "parentUUID": "4cb21574-a6e2-4820-9c67-3be36a675672",
              "isHook": false,
              "skipped": false
            },
            {
              "title": "alphabetic z to a",
              "fullTitle": "select sorting option alphabetic z to a",
              "timedOut": null,
              "duration": 943,
              "state": "passed",
              "speed": "slow",
              "pass": true,
              "fail": false,
              "pending": false,
              "context": null,
              "code": "const data = _sortValues.default.descendantAlphabetic;\n_Shopping.shoppingPage.clickSelectOption(data.value);\n_Shopping.shoppingPage.verifyNameSorted(data.firstItemName, data.lastItemName);",
              "err": {},
              "uuid": "505989b7-864f-456c-9eba-32fb4cc4fee0",
              "parentUUID": "4cb21574-a6e2-4820-9c67-3be36a675672",
              "isHook": false,
              "skipped": false
            },
            {
              "title": "price low to high",
              "fullTitle": "select sorting option price low to high",
              "timedOut": null,
              "duration": 923,
              "state": "passed",
              "speed": "slow",
              "pass": true,
              "fail": false,
              "pending": false,
              "context": null,
              "code": "const data = _sortValues.default.ascendantPrice;\n_Shopping.shoppingPage.clickSelectOption(data.value);\n_Shopping.shoppingPage.verifyPriceSorted(data.firstItemPrice, data.lastItemPrice);",
              "err": {},
              "uuid": "7bdc30be-979a-4a0c-a617-5eb834ff4d2b",
              "parentUUID": "4cb21574-a6e2-4820-9c67-3be36a675672",
              "isHook": false,
              "skipped": false
            },
            {
              "title": "price high to low",
              "fullTitle": "select sorting option price high to low",
              "timedOut": null,
              "duration": 955,
              "state": "passed",
              "speed": "slow",
              "pass": true,
              "fail": false,
              "pending": false,
              "context": null,
              "code": "const data = _sortValues.default.descendantPrice;\n_Shopping.shoppingPage.clickSelectOption(data.value);\n_Shopping.shoppingPage.verifyPriceSorted(data.firstItemPrice, data.lastItemPrice);",
              "err": {},
              "uuid": "27cefc31-c066-47a5-978f-f193c00a6635",
              "parentUUID": "4cb21574-a6e2-4820-9c67-3be36a675672",
              "isHook": false,
              "skipped": false
            }
          ],
          "suites": [],
          "passes": [
            "38f6de0a-6be4-4a34-8641-33815cbda567",
            "505989b7-864f-456c-9eba-32fb4cc4fee0",
            "7bdc30be-979a-4a0c-a617-5eb834ff4d2b",
            "27cefc31-c066-47a5-978f-f193c00a6635"
          ],
          "failures": [],
          "pending": [],
          "skipped": [],
          "duration": 4013,
          "root": false,
          "rootEmpty": false,
          "_timeout": 2000
        }
      ],
      "passes": [],
      "failures": [],
      "pending": [],
      "skipped": [],
      "duration": 0,
      "root": true,
      "rootEmpty": true,
      "_timeout": 2000
    },
    {
      "uuid": "2e5aacec-728a-4483-a07d-3b0db3e7580f",
      "title": "",
      "fullFile": "cypress/integration/credentials/invalidCredentials.spec.js",
      "file": "cypress/integration/credentials/invalidCredentials.spec.js",
      "beforeHooks": [],
      "afterHooks": [],
      "tests": [],
      "suites": [
        {
          "uuid": "b30629b4-d535-4f71-95fc-dbea3b7522d4",
          "title": "invalid credentials",
          "fullFile": "",
          "file": "",
          "beforeHooks": [],
          "afterHooks": [],
          "tests": [
            {
              "title": "Non existing password test",
              "fullTitle": "invalid credentials Non existing password test",
              "timedOut": null,
              "duration": 1351,
              "state": "passed",
              "speed": "slow",
              "pass": true,
              "fail": false,
              "pending": false,
              "context": null,
              "code": "const data = _invalidCredentials.default.nonExistingUser;\nmainPage.login(data.username, data.password);\nmainPage.verifyErrorIsDisplayed(data.errorMessage);",
              "err": {},
              "uuid": "8c3cf706-87d4-44ca-8b14-a7e7fa338b05",
              "parentUUID": "b30629b4-d535-4f71-95fc-dbea3b7522d4",
              "isHook": false,
              "skipped": false
            },
            {
              "title": "Empty username test",
              "fullTitle": "invalid credentials Empty username test",
              "timedOut": null,
              "duration": 474,
              "state": "passed",
              "speed": "slow",
              "pass": true,
              "fail": false,
              "pending": false,
              "context": null,
              "code": "const data = _invalidCredentials.default.missingUsername;\nmainPage.fillPassword(data.password);\nmainPage.clickOnLogin();\nmainPage.verifyErrorIsDisplayed(data.errorMessage);",
              "err": {},
              "uuid": "0de5b7f8-a2e2-42ab-b188-77bb5cbd7793",
              "parentUUID": "b30629b4-d535-4f71-95fc-dbea3b7522d4",
              "isHook": false,
              "skipped": false
            },
            {
              "title": "Empty password test",
              "fullTitle": "invalid credentials Empty password test",
              "timedOut": null,
              "duration": 473,
              "state": "passed",
              "speed": "slow",
              "pass": true,
              "fail": false,
              "pending": false,
              "context": null,
              "code": "const data = _invalidCredentials.default.missingPassword;\nmainPage.fillUsername(data.username);\nmainPage.clickOnLogin();\nmainPage.verifyErrorIsDisplayed(data.errorMessage);",
              "err": {},
              "uuid": "31887c95-6b70-43c4-a60c-6593cbaed1f9",
              "parentUUID": "b30629b4-d535-4f71-95fc-dbea3b7522d4",
              "isHook": false,
              "skipped": false
            }
          ],
          "suites": [],
          "passes": [
            "8c3cf706-87d4-44ca-8b14-a7e7fa338b05",
            "0de5b7f8-a2e2-42ab-b188-77bb5cbd7793",
            "31887c95-6b70-43c4-a60c-6593cbaed1f9"
          ],
          "failures": [],
          "pending": [],
          "skipped": [],
          "duration": 2298,
          "root": false,
          "rootEmpty": false,
          "_timeout": 2000
        }
      ],
      "passes": [],
      "failures": [],
      "pending": [],
      "skipped": [],
      "duration": 0,
      "root": true,
      "rootEmpty": true,
      "_timeout": 2000
    }
  ],
  "meta": {
    "mocha": {
      "version": "7.0.1"
    },
    "mochawesome": {
      "options": {
        "quiet": false,
        "reportFilename": "mochawesome",
        "saveHtml": false,
        "saveJson": true,
        "consoleReporter": "spec",
        "useInlineDiffs": false,
        "code": true
      },
      "version": "6.2.2"
    },
    "marge": {
      "options": {
        "id": "default",
        "reportDir": "cypress/reports/mocha",
        "quite": true,
        "overwrite": false,
        "html": false,
        "json": true
      },
      "version": "5.2.0"
    }
  }
}